<?xml version="1.0" encoding="UTF-8"?>
<!-- Generated by org.testng.reporters.JUnitReportReporter -->
<testsuite hostname="LAPTOP-HK02UGP1" failures="0" tests="1" name="TestCases.HomePage" time="1.395" errors="0" timestamp="23 Jul 2020 05:12:11 GMT">
  <testcase classname="TestCases.HomePage" name="userLogin" time="1.395"/>
</testsuite> <!-- TestCases.HomePage -->
