<?xml version="1.0" encoding="UTF-8"?>
<!-- Generated by org.testng.reporters.JUnitReportReporter -->
<testsuite hostname="LAPTOP-HK02UGP1" failures="0" tests="1" name="TestCases.AddItemsToCart" time="1.240" errors="0" timestamp="23 Jul 2020 05:12:11 GMT">
  <testcase classname="TestCases.AddItemsToCart" name="Addcart" time="1.240"/>
</testsuite> <!-- TestCases.AddItemsToCart -->
